<?xml version="1.0" encoding="UTF-8"?>
<testsuite xmlns:xsi="http://www.w3.org/2001/XMLSchema-instance" xsi:noNamespaceSchemaLocation="https://maven.apache.org/surefire/maven-surefire-plugin/xsd/surefire-test-report-3.0.xsd" version="3.0" name="com.kevingann.TwoSumTest" time="0.008" tests="3" errors="0" skipped="0" failures="0">
  <properties>
[...]
</properties>
  <testcase name="second" classname="com.kevingann.TwoSumTest" time="0.006"/>
  <testcase name="first" classname="com.kevingann.TwoSumTest" time="0.001"/>
  <testcase name="third" classname="com.kevingann.TwoSumTest" time="0.001"/>
</testsuite>